<?xml version="1.0" encoding="UTF-8" standalone="yes"?><!DOCTYPE report PUBLIC "-//JACOCO//DTD Report 1.1//EN" "report.dtd"><report name="lab01-recordando-poo-joseortizm"><sessioninfo id="Joses-Mac-mini.local-e9d53de5" start="1631682547424" dump="1631682553477"/><sessioninfo id="Joses-Mac-mini.local-f9a560be" start="1631683575224" dump="1631683581234"/><sessioninfo id="Joses-Mac-mini.local-1f8d77c6" start="1631684181161" dump="1631684187121"/><sessioninfo id="Joses-Mac-mini.local-fcdc8bed" start="1631684826935" dump="1631684833208"/><sessioninfo id="Joses-Mac-mini.local-4da5099e" start="1631685054757" dump="1631685060997"/><sessioninfo id="Joses-Mac-mini.local-50348f7a" start="1631685196933" dump="1631685203133"/><sessioninfo id="Joses-Mac-mini.local-43e28b52" start="1631685404436" dump="1631685410617"/><sessioninfo id="Joses-Mac-mini.local-b8e1c476" start="1631711546882" dump="1631711553087"/><sessioninfo id="Joses-Mac-mini.local-e4113281" start="1631712260322" dump="1631712266678"/><sessioninfo id="Joses-Mac-mini.local-bfe5c673" start="1631712520249" dump="1631712526603"/><sessioninfo id="Joses-Mac-mini.local-37864e67" start="1631712904010" dump="1631712910243"/><sessioninfo id="Joses-Mac-mini.local-85de2f64" start="1631713302234" dump="1631713308423"/><sessioninfo id="Joses-Mac-mini.local-303fc0e2" start="1631713748532" dump="1631713754742"/><sessioninfo id="Joses-Mac-mini.local-8621008b" start="1631714202064" dump="1631714208391"/><sessioninfo id="Joses-Mac-mini.local-73d55848" start="1631718753884" dump="1631718760079"/><sessioninfo id="Joses-Mac-mini.local-6ac1ad9f" start="1631722274941" dump="1631722281166"/><sessioninfo id="Joses-Mac-mini.local-d76c570f" start="1631722530636" dump="1631722537493"/><sessioninfo id="Joses-Mac-mini.local-86329232" start="1631722638742" dump="1631722645009"/><sessioninfo id="Joses-Mac-mini.local-377d5fb2" start="1631735549900" dump="1631735556598"/><sessioninfo id="Joses-Mac-mini.local-4339ac1f" start="1631736366415" dump="1631736372748"/><sessioninfo id="Joses-Mac-mini.local-f99c02c0" start="1631736597321" dump="1631736606938"/><sessioninfo id="Joses-Mac-mini.local-dab2518d" start="1631737586336" dump="1631737592577"/><sessioninfo id="Joses-Mac-mini.local-9bbf7efd" start="1631738234770" dump="1631738241150"/><sessioninfo id="Joses-Mac-mini.local-1531e6cd" start="1631738482874" dump="1631738489697"/><sessioninfo id="Joses-Mac-mini.local-fc61e5d0" start="1631739389368" dump="1631739396310"/><sessioninfo id="Joses-Mac-mini.local-b0c7bffe" start="1631739604649" dump="1631739610989"/><sessioninfo id="Joses-Mac-mini.local-c6ee066" start="1631747395719" dump="1631747402009"/><sessioninfo id="Joses-Mac-mini.local-69ca7686" start="1631747979338" dump="1631747986102"/><sessioninfo id="Joses-Mac-mini.local-1e69423c" start="1631748524166" dump="1631748530494"/><sessioninfo id="Joses-Mac-mini.local-bbdf474e" start="1631748878194" dump="1631748884522"/><sessioninfo id="Joses-Mac-mini.local-40da42d4" start="1631749164795" dump="1631749172062"/><sessioninfo id="Joses-Mac-mini.local-ed8b5fec" start="1631750165525" dump="1631750171919"/><sessioninfo id="Joses-Mac-mini.local-625cd6d0" start="1631750327679" dump="1631750334224"/><sessioninfo id="Joses-Mac-mini.local-fd9ab0e" start="1631750485038" dump="1631750491647"/><sessioninfo id="Joses-Mac-mini.local-b5edb374" start="1631750648819" dump="1631750655343"/><sessioninfo id="Joses-Mac-mini.local-7c72a0c" start="1631750931582" dump="1631750938105"/><sessioninfo id="Joses-Mac-mini.local-cca2999d" start="1631751437311" dump="1631751444160"/><sessioninfo id="Joses-Mac-mini.local-d291a784" start="1631751608597" dump="1631751615085"/><sessioninfo id="Joses-Mac-mini.local-3fc3eb19" start="1631752265374" dump="1631752271907"/><sessioninfo id="Joses-Mac-mini.local-3c30656" start="1631752761154" dump="1631752767534"/><sessioninfo id="Joses-Mac-mini.local-3c72c38b" start="1631753829788" dump="1631753836171"/><package name="cs/software/lab1"><class name="cs/software/lab1/Vehiculo" sourcefilename="Vehiculo.java"><method name="&lt;init&gt;" desc="(DDD)V" line="8"><counter type="INSTRUCTION" missed="0" covered="12"/><counter type="LINE" missed="0" covered="5"/><counter type="COMPLEXITY" missed="0" covered="1"/><counter type="METHOD" missed="0" covered="1"/></method><method name="rebastecer" desc="(D)Ljava/lang/String;" line="15"><counter type="INSTRUCTION" missed="0" covered="24"/><counter type="BRANCH" missed="0" covered="2"/><counter type="LINE" missed="0" covered="5"/><counter type="COMPLEXITY" missed="0" covered="2"/><counter type="METHOD" missed="0" covered="1"/></method><method name="manejar" desc="(D)Ljava/lang/String;" line="30"><counter type="INSTRUCTION" missed="0" covered="33"/><counter type="BRANCH" missed="0" covered="2"/><counter type="LINE" missed="0" covered="5"/><counter type="COMPLEXITY" missed="0" covered="2"/><counter type="METHOD" missed="0" covered="1"/></method><counter type="INSTRUCTION" missed="0" covered="69"/><counter type="BRANCH" missed="0" covered="4"/><counter type="LINE" missed="0" covered="15"/><counter type="COMPLEXITY" missed="0" covered="5"/><counter type="METHOD" missed="0" covered="3"/><counter type="CLASS" missed="0" covered="1"/></class><class name="cs/software/lab1/Labo1" sourcefilename="Labo1.java"><method name="&lt;init&gt;" desc="()V" line="5"><counter type="INSTRUCTION" missed="3" covered="0"/><counter type="LINE" missed="1" covered="0"/><counter type="COMPLEXITY" missed="1" covered="0"/><counter type="METHOD" missed="1" covered="0"/></method><method name="main" desc="([Ljava/lang/String;)V" line="12"><counter type="INSTRUCTION" missed="35" covered="0"/><counter type="LINE" missed="10" covered="0"/><counter type="COMPLEXITY" missed="1" covered="0"/><counter type="METHOD" missed="1" covered="0"/></method><method name="&lt;clinit&gt;" desc="()V" line="6"><counter type="INSTRUCTION" missed="0" covered="11"/><counter type="LINE" missed="0" covered="4"/><counter type="COMPLEXITY" missed="0" covered="1"/><counter type="METHOD" missed="0" covered="1"/></method><counter type="INSTRUCTION" missed="38" covered="11"/><counter type="LINE" missed="11" covered="4"/><counter type="COMPLEXITY" missed="2" covered="1"/><counter type="METHOD" missed="2" covered="1"/><counter type="CLASS" missed="0" covered="1"/></class><class name="cs/software/lab1/Automovil" sourcefilename="Automovil.java"><method name="&lt;init&gt;" desc="(DDD)V" line="5"><counter type="INSTRUCTION" missed="0" covered="6"/><counter type="LINE" missed="0" covered="2"/><counter type="COMPLEXITY" missed="0" covered="1"/><counter type="METHOD" missed="0" covered="1"/></method><method name="rebastecer" desc="(D)Ljava/lang/String;" line="10"><counter type="INSTRUCTION" missed="0" covered="22"/><counter type="BRANCH" missed="0" covered="2"/><counter type="LINE" missed="0" covered="5"/><counter type="COMPLEXITY" missed="0" covered="2"/><counter type="METHOD" missed="0" covered="1"/></method><counter type="INSTRUCTION" missed="0" covered="28"/><counter type="BRANCH" missed="0" covered="2"/><counter type="LINE" missed="0" covered="7"/><counter type="COMPLEXITY" missed="0" covered="3"/><counter type="METHOD" missed="0" covered="2"/><counter type="CLASS" missed="0" covered="1"/></class><class name="cs/software/lab1/Camion" sourcefilename="Camion.java"><method name="&lt;init&gt;" desc="(DDD)V" line="5"><counter type="INSTRUCTION" missed="0" covered="6"/><counter type="LINE" missed="0" covered="2"/><counter type="COMPLEXITY" missed="0" covered="1"/><counter type="METHOD" missed="0" covered="1"/></method><method name="rebastecer" desc="(D)Ljava/lang/String;" line="9"><counter type="INSTRUCTION" missed="0" covered="24"/><counter type="BRANCH" missed="0" covered="2"/><counter type="LINE" missed="0" covered="5"/><counter type="COMPLEXITY" missed="0" covered="2"/><counter type="METHOD" missed="0" covered="1"/></method><method name="manejar" desc="(D)Ljava/lang/String;" line="24"><counter type="INSTRUCTION" missed="0" covered="33"/><counter type="BRANCH" missed="0" covered="2"/><counter type="LINE" missed="0" covered="5"/><counter type="COMPLEXITY" missed="0" covered="2"/><counter type="METHOD" missed="0" covered="1"/></method><counter type="INSTRUCTION" missed="0" covered="63"/><counter type="BRANCH" missed="0" covered="4"/><counter type="LINE" missed="0" covered="12"/><counter type="COMPLEXITY" missed="0" covered="5"/><counter type="METHOD" missed="0" covered="3"/><counter type="CLASS" missed="0" covered="1"/></class><sourcefile name="Vehiculo.java"><line nr="8" mi="0" ci="2" mb="0" cb="0"/><line nr="9" mi="0" ci="3" mb="0" cb="0"/><line nr="10" mi="0" ci="3" mb="0" cb="0"/><line nr="11" mi="0" ci="3" mb="0" cb="0"/><line nr="12" mi="0" ci="1" mb="0" cb="0"/><line nr="15" mi="0" ci="6" mb="0" cb="0"/><line nr="16" mi="0" ci="4" mb="0" cb="2"/><line nr="18" mi="0" ci="2" mb="0" cb="0"/><line nr="22" mi="0" ci="8" mb="0" cb="0"/><line nr="23" mi="0" ci="4" mb="0" cb="0"/><line nr="30" mi="0" ci="5" mb="0" cb="0"/><line nr="31" mi="0" ci="7" mb="0" cb="2"/><line nr="32" mi="0" ci="2" mb="0" cb="0"/><line nr="35" mi="0" ci="6" mb="0" cb="0"/><line nr="36" mi="0" ci="13" mb="0" cb="0"/><counter type="INSTRUCTION" missed="0" covered="69"/><counter type="BRANCH" missed="0" covered="4"/><counter type="LINE" missed="0" covered="15"/><counter type="COMPLEXITY" missed="0" covered="5"/><counter type="METHOD" missed="0" covered="3"/><counter type="CLASS" missed="0" covered="1"/></sourcefile><sourcefile name="Camion.java"><line nr="5" mi="0" ci="5" mb="0" cb="0"/><line nr="6" mi="0" ci="1" mb="0" cb="0"/><line nr="9" mi="0" ci="6" mb="0" cb="0"/><line nr="10" mi="0" ci="4" mb="0" cb="2"/><line nr="12" mi="0" ci="2" mb="0" cb="0"/><line nr="16" mi="0" ci="8" mb="0" cb="0"/><line nr="17" mi="0" ci="4" mb="0" cb="0"/><line nr="24" mi="0" ci="5" mb="0" cb="0"/><line nr="25" mi="0" ci="7" mb="0" cb="2"/><line nr="26" mi="0" ci="2" mb="0" cb="0"/><line nr="29" mi="0" ci="6" mb="0" cb="0"/><line nr="30" mi="0" ci="13" mb="0" cb="0"/><counter type="INSTRUCTION" missed="0" covered="63"/><counter type="BRANCH" missed="0" covered="4"/><counter type="LINE" missed="0" covered="12"/><counter type="COMPLEXITY" missed="0" covered="5"/><counter type="METHOD" missed="0" covered="3"/><counter type="CLASS" missed="0" covered="1"/></sourcefile><sourcefile name="Labo1.java"><line nr="5" mi="3" ci="0" mb="0" cb="0"/><line nr="6" mi="0" ci="4" mb="0" cb="0"/><line nr="7" mi="0" ci="2" mb="0" cb="0"/><line nr="8" mi="0" ci="2" mb="0" cb="0"/><line nr="9" mi="0" ci="3" mb="0" cb="0"/><line nr="12" mi="2" ci="0" mb="0" cb="0"/><line nr="13" mi="2" ci="0" mb="0" cb="0"/><line nr="14" mi="2" ci="0" mb="0" cb="0"/><line nr="15" mi="7" ci="0" mb="0" cb="0"/><line nr="16" mi="4" ci="0" mb="0" cb="0"/><line nr="17" mi="3" ci="0" mb="0" cb="0"/><line nr="19" mi="7" ci="0" mb="0" cb="0"/><line nr="20" mi="4" ci="0" mb="0" cb="0"/><line nr="21" mi="3" ci="0" mb="0" cb="0"/><line nr="22" mi="1" ci="0" mb="0" cb="0"/><counter type="INSTRUCTION" missed="38" covered="11"/><counter type="LINE" missed="11" covered="4"/><counter type="COMPLEXITY" missed="2" covered="1"/><counter type="METHOD" missed="2" covered="1"/><counter type="CLASS" missed="0" covered="1"/></sourcefile><sourcefile name="Automovil.java"><line nr="5" mi="0" ci="5" mb="0" cb="0"/><line nr="6" mi="0" ci="1" mb="0" cb="0"/><line nr="10" mi="0" ci="6" mb="0" cb="0"/><line nr="12" mi="0" ci="4" mb="0" cb="2"/><line nr="14" mi="0" ci="2" mb="0" cb="0"/><line nr="18" mi="0" ci="6" mb="0" cb="0"/><line nr="19" mi="0" ci="4" mb="0" cb="0"/><counter type="INSTRUCTION" missed="0" covered="28"/><counter type="BRANCH" missed="0" covered="2"/><counter type="LINE" missed="0" covered="7"/><counter type="COMPLEXITY" missed="0" covered="3"/><counter type="METHOD" missed="0" covered="2"/><counter type="CLASS" missed="0" covered="1"/></sourcefile><counter type="INSTRUCTION" missed="38" covered="171"/><counter type="BRANCH" missed="0" covered="10"/><counter type="LINE" missed="11" covered="38"/><counter type="COMPLEXITY" missed="2" covered="14"/><counter type="METHOD" missed="2" covered="9"/><counter type="CLASS" missed="0" covered="4"/></package><counter type="INSTRUCTION" missed="38" covered="171"/><counter type="BRANCH" missed="0" covered="10"/><counter type="LINE" missed="11" covered="38"/><counter type="COMPLEXITY" missed="2" covered="14"/><counter type="METHOD" missed="2" covered="9"/><counter type="CLASS" missed="0" covered="4"/></report>