<?xml version="1.0" encoding="UTF-8" ?>
<testsuite tests="131" failures="0" name="cs.software.lab1.Labo1Test" time="3.413" errors="0" skipped="0">
  <properties>
[...]
</properties>
  <testcase classname="cs.software.lab1.Labo1Test" name="test" time="0.037"/>
  <testcase classname="cs.software.lab1.Labo1Test" name="test" time="0.037"/>
  <testcase classname="cs.software.lab1.Labo1Test" name="test" time="0.037"/>
  <testcase classname="cs.software.lab1.Labo1Test" name="test" time="0.037"/>
  <testcase classname="cs.software.lab1.Labo1Test" name="test" time="0.037"/>
  <testcase classname="cs.software.lab1.Labo1Test" name="test" time="0.037"/>
  <testcase classname="cs.software.lab1.Labo1Test" name="test" time="0.037"/>
  <testcase classname="cs.software.lab1.Labo1Test" name="test" time="0.037"/>
  <testcase classname="cs.software.lab1.Labo1Test" name="test" time="0.037"/>
  <testcase classname="cs.software.lab1.Labo1Test" name="test" time="0.037"/>
  <testcase classname="cs.software.lab1.Labo1Test" name="test" time="0.037"/>
  <testcase classname="cs.software.lab1.Labo1Test" name="test" time="0.037"/>
  <testcase classname="cs.software.lab1.Labo1Test" name="test" time="0.038"/>
  <testcase classname="cs.software.lab1.Labo1Test" name="test" time="0.038"/>
  <testcase classname="cs.software.lab1.Labo1Test" name="test" time="0.038"/>
  <testcase classname="cs.software.lab1.Labo1Test" name="test" time="0.038"/>
  <testcase classname="cs.software.lab1.Labo1Test" name="test" time="0.038"/>
  <testcase classname="cs.software.lab1.Labo1Test" name="test" time="0.038"/>
  <testcase classname="cs.software.lab1.Labo1Test" name="test" time="0.038"/>
  <testcase classname="cs.software.lab1.Labo1Test" name="test" time="0.038"/>
  <testcase classname="cs.software.lab1.Labo1Test" name="test" time="0.038"/>
  <testcase classname="cs.software.lab1.Labo1Test" name="test" time="0.038"/>
  <testcase classname="cs.software.lab1.Labo1Test" name="test" time="0.038"/>
  <testcase classname="cs.software.lab1.Labo1Test" name="test" time="0.038"/>
  <testcase classname="cs.software.lab1.Labo1Test" name="test" time="0.038"/>
  <testcase classname="cs.software.lab1.Labo1Test" name="test" time="0.038"/>
  <testcase classname="cs.software.lab1.Labo1Test" name="test" time="0.038"/>
  <testcase classname="cs.software.lab1.Labo1Test" name="test" time="0.038"/>
  <testcase classname="cs.software.lab1.Labo1Test" name="test" time="0.039"/>
  <testcase classname="cs.software.lab1.Labo1Test" name="test" time="0.039"/>
  <testcase classname="cs.software.lab1.Labo1Test" name="test" time="0.039"/>
  <testcase classname="cs.software.lab1.Labo1Test" name="test" time="0.039"/>
  <testcase classname="cs.software.lab1.Labo1Test" name="test" time="0.039"/>
  <testcase classname="cs.software.lab1.Labo1Test" name="test" time="0.04"/>
  <testcase classname="cs.software.lab1.Labo1Test" name="test" time="0.04"/>
  <testcase classname="cs.software.lab1.Labo1Test" name="test" time="0.04"/>
  <testcase classname="cs.software.lab1.Labo1Test" name="test" time="0.04"/>
  <testcase classname="cs.software.lab1.Labo1Test" name="test" time="0.04"/>
  <testcase classname="cs.software.lab1.Labo1Test" name="test" time="0.04"/>
  <testcase classname="cs.software.lab1.Labo1Test" name="test" time="0.041"/>
  <testcase classname="cs.software.lab1.Labo1Test" name="test" time="0.041"/>
  <testcase classname="cs.software.lab1.Labo1Test" name="test" time="0.041"/>
  <testcase classname="cs.software.lab1.Labo1Test" name="test" time="0.041"/>
  <testcase classname="cs.software.lab1.Labo1Test" name="test" time="0.042"/>
  <testcase classname="cs.software.lab1.Labo1Test" name="test" time="0.042"/>
  <testcase classname="cs.software.lab1.Labo1Test" name="test" time="0.042"/>
  <testcase classname="cs.software.lab1.Labo1Test" name="test" time="0.043"/>
  <testcase classname="cs.software.lab1.Labo1Test" name="test" time="0.044"/>
  <testcase classname="cs.software.lab1.Labo1Test" name="test" time="0.044"/>
  <testcase classname="cs.software.lab1.Labo1Test" name="test" time="0.044"/>
  <testcase classname="cs.software.lab1.Labo1Test" name="test" time="0.044"/>
  <testcase classname="cs.software.lab1.Labo1Test" name="test" time="0.044"/>
  <testcase classname="cs.software.lab1.Labo1Test" name="test" time="0.044"/>
  <testcase classname="cs.software.lab1.Labo1Test" name="test" time="0.044"/>
  <testcase classname="cs.software.lab1.Labo1Test" name="test" time="0.044"/>
  <testcase classname="cs.software.lab1.Labo1Test" name="test" time="0.044"/>
  <testcase classname="cs.software.lab1.Labo1Test" name="test" time="0.044"/>
  <testcase classname="cs.software.lab1.Labo1Test" name="test" time="0.045"/>
  <testcase classname="cs.software.lab1.Labo1Test" name="test" time="0.045"/>
  <testcase classname="cs.software.lab1.Labo1Test" name="test" time="0.045"/>
  <testcase classname="cs.software.lab1.Labo1Test" name="test" time="0.046"/>
  <testcase classname="cs.software.lab1.Labo1Test" name="test" time="0.046"/>
  <testcase classname="cs.software.lab1.Labo1Test" name="test" time="0.046"/>
  <testcase classname="cs.software.lab1.Labo1Test" name="test" time="0.047"/>
  <testcase classname="cs.software.lab1.Labo1Test" name="test" time="0.047"/>
  <testcase classname="cs.software.lab1.Labo1Test" name="test" time="0.048"/>
  <testcase classname="cs.software.lab1.Labo1Test" name="test" time="0.048"/>
  <testcase classname="cs.software.lab1.Labo1Test" name="test" time="0.049"/>
  <testcase classname="cs.software.lab1.Labo1Test" name="test" time="0.049"/>
  <testcase classname="cs.software.lab1.Labo1Test" name="test" time="0.051"/>
  <testcase classname="cs.software.lab1.Labo1Test" name="test" time="0.051"/>
  <testcase classname="cs.software.lab1.Labo1Test" name="test" time="0.051"/>
  <testcase classname="cs.software.lab1.Labo1Test" name="test" time="0.052"/>
  <testcase classname="cs.software.lab1.Labo1Test" name="test" time="0.052"/>
  <testcase classname="cs.software.lab1.Labo1Test" name="test" time="0.052"/>
  <testcase classname="cs.software.lab1.Labo1Test" name="test" time="0.052"/>
  <testcase classname="cs.software.lab1.Labo1Test" name="test" time="0.053"/>
  <testcase classname="cs.software.lab1.Labo1Test" name="test" time="0.053"/>
  <testcase classname="cs.software.lab1.Labo1Test" name="test" time="0.053"/>
  <testcase classname="cs.software.lab1.Labo1Test" name="test" time="0.053"/>
  <testcase classname="cs.software.lab1.Labo1Test" name="test01" time="0"/>
  <testcase classname="cs.software.lab1.Labo1Test" name="test02" time="0.01"/>
  <testcase classname="cs.software.lab1.Labo1Test" name="test03" time="0"/>
  <testcase classname="cs.software.lab1.Labo1Test" name="test04" time="0"/>
  <testcase classname="cs.software.lab1.Labo1Test" name="test05" time="0"/>
  <testcase classname="cs.software.lab1.Labo1Test" name="test06" time="0"/>
  <testcase classname="cs.software.lab1.Labo1Test" name="test07" time="0"/>
  <testcase classname="cs.software.lab1.Labo1Test" name="test08" time="0"/>
  <testcase classname="cs.software.lab1.Labo1Test" name="test09" time="0"/>
  <testcase classname="cs.software.lab1.Labo1Test" name="test10" time="0"/>
  <testcase classname="cs.software.lab1.Labo1Test" name="test11" time="0"/>
  <testcase classname="cs.software.lab1.Labo1Test" name="test12" time="0"/>
  <testcase classname="cs.software.lab1.Labo1Test" name="test13" time="0"/>
  <testcase classname="cs.software.lab1.Labo1Test" name="test14" time="0.001"/>
  <testcase classname="cs.software.lab1.Labo1Test" name="test15" time="0"/>
  <testcase classname="cs.software.lab1.Labo1Test" name="test16" time="0"/>
  <testcase classname="cs.software.lab1.Labo1Test" name="test17" time="0"/>
  <testcase classname="cs.software.lab1.Labo1Test" name="test18" time="0.001"/>
  <testcase classname="cs.software.lab1.Labo1Test" name="test19" time="0"/>
  <testcase classname="cs.software.lab1.Labo1Test" name="test20" time="0.001"/>
  <testcase classname="cs.software.lab1.Labo1Test" name="test21" time="0.001"/>
  <testcase classname="cs.software.lab1.Labo1Test" name="test22" time="0"/>
  <testcase classname="cs.software.lab1.Labo1Test" name="test23" time="0.001"/>
  <testcase classname="cs.software.lab1.Labo1Test" name="test24" time="0.001"/>
  <testcase classname="cs.software.lab1.Labo1Test" name="test25" time="0"/>
  <testcase classname="cs.software.lab1.Labo1Test" name="test26" time="0"/>
  <testcase classname="cs.software.lab1.Labo1Test" name="test27" time="0"/>
  <testcase classname="cs.software.lab1.Labo1Test" name="test28" time="0"/>
  <testcase classname="cs.software.lab1.Labo1Test" name="test29" time="0"/>
  <testcase classname="cs.software.lab1.Labo1Test" name="test30" time="0.001"/>
  <testcase classname="cs.software.lab1.Labo1Test" name="test31" time="0"/>
  <testcase classname="cs.software.lab1.Labo1Test" name="test32" time="0"/>
  <testcase classname="cs.software.lab1.Labo1Test" name="test33" time="0"/>
  <testcase classname="cs.software.lab1.Labo1Test" name="test34" time="0"/>
  <testcase classname="cs.software.lab1.Labo1Test" name="test35" time="0.001"/>
  <testcase classname="cs.software.lab1.Labo1Test" name="test36" time="0"/>
  <testcase classname="cs.software.lab1.Labo1Test" name="test37" time="0.001"/>
  <testcase classname="cs.software.lab1.Labo1Test" name="test38" time="0"/>
  <testcase classname="cs.software.lab1.Labo1Test" name="test39" time="0"/>
  <testcase classname="cs.software.lab1.Labo1Test" name="test40" time="0"/>
  <testcase classname="cs.software.lab1.Labo1Test" name="test41" time="0"/>
  <testcase classname="cs.software.lab1.Labo1Test" name="test42" time="0"/>
  <testcase classname="cs.software.lab1.Labo1Test" name="test43" time="0"/>
  <testcase classname="cs.software.lab1.Labo1Test" name="test44" time="0"/>
  <testcase classname="cs.software.lab1.Labo1Test" name="test45" time="0"/>
  <testcase classname="cs.software.lab1.Labo1Test" name="test46" time="0"/>
  <testcase classname="cs.software.lab1.Labo1Test" name="test47" time="0"/>
  <testcase classname="cs.software.lab1.Labo1Test" name="test48" time="0"/>
  <testcase classname="cs.software.lab1.Labo1Test" name="test49" time="0"/>
  <testcase classname="cs.software.lab1.Labo1Test" name="test50" time="0"/>
  <testcase classname="cs.software.lab1.Labo1Test" name="test51" time="0"/>
</testsuite>